# JRE version: OpenJDK Runtime Environment Temurin-21.0.8+9 (21.0.8+9) (build 21.0.8+9-LTS)
# Java VM: OpenJDK 64-Bit Server VM Temurin-21.0.8+9 (21.0.8+9-LTS, mixed mode, sharing, tiered, compressed oops, compressed class ptrs, parallel gc, windows-amd64)
GC Precious Log:
 CardTable entry size: 512
 CPUs: 12 total, 12 available
 Memory: 7498M
 Large Page Support: Disabled
 NUMA Support: Disabled
 Compressed Oops: Enabled (32-bit)
 Alignments: Space 512K, Generation 512K, Heap 2M
 Heap Min Capacity: 100M
 Heap Initial Capacity: 100M
 Heap Max Capacity: 2G
 Pre-touch: Disabled
 Parallel Workers: 10
Heap:
 PSYoungGen      total 19456K, used 13886K [0x00000000d5580000, 0x00000000d6a80000, 0x0000000100000000)
  eden space 18432K, 70% used [0x00000000d5580000,0x00000000d6226660,0x00000000d6780000)
  from space 1024K, 91% used [0x00000000d6980000,0x00000000d6a69230,0x00000000d6a80000)
  to   space 1024K, 0% used [0x00000000d6780000,0x00000000d6780000,0x00000000d6880000)
 ParOldGen       total 1028608K, used 1028401K [0x0000000080000000, 0x00000000bec80000, 0x00000000d5580000)
  object space 1028608K, 99% used [0x0000000080000000,0x00000000bec4c530,0x00000000bec80000)
 Metaspace       used 76187K, committed 77824K, reserved 1179648K
  class space    used 8105K, committed 8832K, reserved 1048576K
GC Heap History (20 events):
Event: 53.635 GC heap before
{Heap before GC invocations=1660 (full 3):
 PSYoungGen      total 18944K, used 18944K [0x00000000d5580000, 0x00000000d6c00000, 0x0000000100000000)
  eden space 18432K, 100% used [0x00000000d5580000,0x00000000d6780000,0x00000000d6780000)
  from space 512K, 100% used [0x00000000d6b80000,0x00000000d6c00000,0x00000000d6c00000)
  to   space 1024K, 0% used [0x00000000d6a00000,0x00000000d6a00000,0x00000000d6b00000)
 ParOldGen       total 1022464K, used 1022177K [0x0000000080000000, 0x00000000be680000, 0x00000000d5580000)
  object space 1022464K, 99% used [0x0000000080000000,0x00000000be638490,0x00000000be680000)
 Metaspace       used 73271K, committed 74944K, reserved 1179648K
  class space    used 7791K, committed 8512K, reserved 1048576K
}
Event: 53.639 GC heap after
{Heap after GC invocations=1660 (full 3):
 PSYoungGen      total 19456K, used 704K [0x00000000d5580000, 0x00000000d6c00000, 0x0000000100000000)
  eden space 18432K, 0% used [0x00000000d5580000,0x00000000d5580000,0x00000000d6780000)
  from space 1024K, 68% used [0x00000000d6a00000,0x00000000d6ab0000,0x00000000d6b00000)
  to   space 1024K, 0% used [0x00000000d6b00000,0x00000000d6b00000,0x00000000d6c00000)
 ParOldGen       total 1022976K, used 1022601K [0x0000000080000000, 0x00000000be700000, 0x00000000d5580000)
  object space 1022976K, 99% used [0x0000000080000000,0x00000000be6a2490,0x00000000be700000)
 Metaspace       used 73271K, committed 74944K, reserved 1179648K
  class space    used 7791K, committed 8512K, reserved 1048576K
}
Event: 53.658 GC heap before
{Heap before GC invocations=1661 (full 3):
 PSYoungGen      total 19456K, used 19136K [0x00000000d5580000, 0x00000000d6c00000, 0x0000000100000000)
  eden space 18432K, 100% used [0x00000000d5580000,0x00000000d6780000,0x00000000d6780000)
  from space 1024K, 68% used [0x00000000d6a00000,0x00000000d6ab0000,0x00000000d6b00000)
  to   space 1024K, 0% used [0x00000000d6b00000,0x00000000d6b00000,0x00000000d6c00000)
 ParOldGen       total 1022976K, used 1022601K [0x0000000080000000, 0x00000000be700000, 0x00000000d5580000)
  object space 1022976K, 99% used [0x0000000080000000,0x00000000be6a2490,0x00000000be700000)
 Metaspace       used 73272K, committed 74944K, reserved 1179648K
  class space    used 7791K, committed 8512K, reserved 1048576K
}
Event: 53.661 GC heap after
{Heap after GC invocations=1661 (full 3):
 PSYoungGen      total 18944K, used 320K [0x00000000d5580000, 0x00000000d6b80000, 0x0000000100000000)
  eden space 18432K, 0% used [0x00000000d5580000,0x00000000d5580000,0x00000000d6780000)
  from space 512K, 62% used [0x00000000d6b00000,0x00000000d6b50000,0x00000000d6b80000)
  to   space 512K, 0% used [0x00000000d6a80000,0x00000000d6a80000,0x00000000d6b00000)
 ParOldGen       total 1023488K, used 1023159K [0x0000000080000000, 0x00000000be780000, 0x00000000d5580000)
  object space 1023488K, 99% used [0x0000000080000000,0x00000000be72dee0,0x00000000be780000)
 Metaspace       used 73272K, committed 74944K, reserved 1179648K
  class space    used 7791K, committed 8512K, reserved 1048576K
}
Event: 53.675 GC heap before
{Heap before GC invocations=1662 (full 3):
 PSYoungGen      total 18944K, used 18752K [0x00000000d5580000, 0x00000000d6b80000, 0x0000000100000000)
  eden space 18432K, 100% used [0x00000000d5580000,0x00000000d6780000,0x00000000d6780000)
  from space 512K, 62% used [0x00000000d6b00000,0x00000000d6b50000,0x00000000d6b80000)
  to   space 512K, 0% used [0x00000000d6a80000,0x00000000d6a80000,0x00000000d6b00000)
 ParOldGen       total 1023488K, used 1023159K [0x0000000080000000, 0x00000000be780000, 0x00000000d5580000)
  object space 1023488K, 99% used [0x0000000080000000,0x00000000be72dee0,0x00000000be780000)
 Metaspace       used 73275K, committed 74944K, reserved 1179648K
  class space    used 7791K, committed 8512K, reserved 1048576K
}
Event: 53.679 GC heap after
{Heap after GC invocations=1662 (full 3):
 PSYoungGen      total 18944K, used 448K [0x00000000d5580000, 0x00000000d6b80000, 0x0000000100000000)
  eden space 18432K, 0% used [0x00000000d5580000,0x00000000d5580000,0x00000000d6780000)
  from space 512K, 87% used [0x00000000d6a80000,0x00000000d6af0000,0x00000000d6b00000)
  to   space 512K, 0% used [0x00000000d6b00000,0x00000000d6b00000,0x00000000d6b80000)
 ParOldGen       total 1023488K, used 1023326K [0x0000000080000000, 0x00000000be780000, 0x00000000d5580000)
  object space 1023488K, 99% used [0x0000000080000000,0x00000000be757910,0x00000000be780000)
 Metaspace       used 73275K, committed 74944K, reserved 1179648K
  class space    used 7791K, committed 8512K, reserved 1048576K
}
Event: 53.694 GC heap before
{Heap before GC invocations=1663 (full 3):
 PSYoungGen      total 18944K, used 18880K [0x00000000d5580000, 0x00000000d6b80000, 0x0000000100000000)
  eden space 18432K, 100% used [0x00000000d5580000,0x00000000d6780000,0x00000000d6780000)
  from space 512K, 87% used [0x00000000d6a80000,0x00000000d6af0000,0x00000000d6b00000)
  to   space 512K, 0% used [0x00000000d6b00000,0x00000000d6b00000,0x00000000d6b80000)
 ParOldGen       total 1023488K, used 1023326K [0x0000000080000000, 0x00000000be780000, 0x00000000d5580000)
  object space 1023488K, 99% used [0x0000000080000000,0x00000000be757910,0x00000000be780000)
 Metaspace       used 73275K, committed 74944K, reserved 1179648K
  class space    used 7791K, committed 8512K, reserved 1048576K
}
Event: 53.696 GC heap after
{Heap after GC invocations=1663 (full 3):
 PSYoungGen      total 18944K, used 256K [0x00000000d5580000, 0x00000000d6b80000, 0x0000000100000000)
  eden space 18432K, 0% used [0x00000000d5580000,0x00000000d5580000,0x00000000d6780000)
  from space 512K, 50% used [0x00000000d6b00000,0x00000000d6b40000,0x00000000d6b80000)
  to   space 512K, 0% used [0x00000000d6a80000,0x00000000d6a80000,0x00000000d6b00000)
 ParOldGen       total 1023488K, used 1023454K [0x0000000080000000, 0x00000000be780000, 0x00000000d5580000)
  object space 1023488K, 99% used [0x0000000080000000,0x00000000be777910,0x00000000be780000)
 Metaspace       used 73275K, committed 74944K, reserved 1179648K
  class space    used 7791K, committed 8512K, reserved 1048576K
}
Event: 53.715 GC heap before
{Heap before GC invocations=1664 (full 3):
 PSYoungGen      total 18944K, used 18688K [0x00000000d5580000, 0x00000000d6b80000, 0x0000000100000000)
  eden space 18432K, 100% used [0x00000000d5580000,0x00000000d6780000,0x00000000d6780000)
  from space 512K, 50% used [0x00000000d6b00000,0x00000000d6b40000,0x00000000d6b80000)
  to   space 512K, 0% used [0x00000000d6a80000,0x00000000d6a80000,0x00000000d6b00000)
 ParOldGen       total 1023488K, used 1023454K [0x0000000080000000, 0x00000000be780000, 0x00000000d5580000)
  object space 1023488K, 99% used [0x0000000080000000,0x00000000be777910,0x00000000be780000)
 Metaspace       used 73278K, committed 74944K, reserved 1179648K
  class space    used 7791K, committed 8512K, reserved 1048576K
}
Event: 53.717 GC heap after
{Heap after GC invocations=1664 (full 3):
 PSYoungGen      total 18944K, used 256K [0x00000000d5580000, 0x00000000d6b80000, 0x0000000100000000)
  eden space 18432K, 0% used [0x00000000d5580000,0x00000000d5580000,0x00000000d6780000)
  from space 512K, 50% used [0x00000000d6a80000,0x00000000d6ac0000,0x00000000d6b00000)
  to   space 512K, 0% used [0x00000000d6b00000,0x00000000d6b00000,0x00000000d6b80000)
 ParOldGen       total 1024000K, used 1023510K [0x0000000080000000, 0x00000000be800000, 0x00000000d5580000)
  object space 1024000K, 99% used [0x0000000080000000,0x00000000be785910,0x00000000be800000)
 Metaspace       used 73278K, committed 74944K, reserved 1179648K
  class space    used 7791K, committed 8512K, reserved 1048576K
}
Event: 53.778 GC heap before
{Heap before GC invocations=1665 (full 3):
 PSYoungGen      total 18944K, used 18688K [0x00000000d5580000, 0x00000000d6b80000, 0x0000000100000000)
  eden space 18432K, 100% used [0x00000000d5580000,0x00000000d6780000,0x00000000d6780000)
  from space 512K, 50% used [0x00000000d6a80000,0x00000000d6ac0000,0x00000000d6b00000)
  to   space 512K, 0% used [0x00000000d6b00000,0x00000000d6b00000,0x00000000d6b80000)
 ParOldGen       total 1024000K, used 1023510K [0x0000000080000000, 0x00000000be800000, 0x00000000d5580000)
  object space 1024000K, 99% used [0x0000000080000000,0x00000000be785910,0x00000000be800000)
 Metaspace       used 73389K, committed 75008K, reserved 1179648K
  class space    used 7808K, committed 8512K, reserved 1048576K
}
Event: 53.782 GC heap after
{Heap after GC invocations=1665 (full 3):
 PSYoungGen      total 18944K, used 512K [0x00000000d5580000, 0x00000000d6b80000, 0x0000000100000000)
  eden space 18432K, 0% used [0x00000000d5580000,0x00000000d5580000,0x00000000d6780000)
  from space 512K, 100% used [0x00000000d6b00000,0x00000000d6b80000,0x00000000d6b80000)
  to   space 1536K, 0% used [0x00000000d6880000,0x00000000d6880000,0x00000000d6a00000)
 ParOldGen       total 1024512K, used 1024078K [0x0000000080000000, 0x00000000be880000, 0x00000000d5580000)
  object space 1024512K, 99% used [0x0000000080000000,0x00000000be813920,0x00000000be880000)
 Metaspace       used 73389K, committed 75008K, reserved 1179648K
  class space    used 7808K, committed 8512K, reserved 1048576K
}
Event: 54.055 GC heap before
{Heap before GC invocations=1666 (full 3):
 PSYoungGen      total 18944K, used 18944K [0x00000000d5580000, 0x00000000d6b80000, 0x0000000100000000)
  eden space 18432K, 100% used [0x00000000d5580000,0x00000000d6780000,0x00000000d6780000)
  from space 512K, 100% used [0x00000000d6b00000,0x00000000d6b80000,0x00000000d6b80000)
  to   space 1536K, 0% used [0x00000000d6880000,0x00000000d6880000,0x00000000d6a00000)
 ParOldGen       total 1024512K, used 1024078K [0x0000000080000000, 0x00000000be880000, 0x00000000d5580000)
  object space 1024512K, 99% used [0x0000000080000000,0x00000000be813920,0x00000000be880000)
 Metaspace       used 73836K, committed 75520K, reserved 1179648K
  class space    used 7865K, committed 8576K, reserved 1048576K
}
Event: 54.060 GC heap after
{Heap after GC invocations=1666 (full 3):
 PSYoungGen      total 19968K, used 1504K [0x00000000d5580000, 0x00000000d6d80000, 0x0000000100000000)
  eden space 18432K, 0% used [0x00000000d5580000,0x00000000d5580000,0x00000000d6780000)
  from space 1536K, 97% used [0x00000000d6880000,0x00000000d69f8010,0x00000000d6a00000)
  to   space 3072K, 0% used [0x00000000d6a80000,0x00000000d6a80000,0x00000000d6d80000)
 ParOldGen       total 1025536K, used 1025186K [0x0000000080000000, 0x00000000be980000, 0x00000000d5580000)
  object space 1025536K, 99% used [0x0000000080000000,0x00000000be928b40,0x00000000be980000)
 Metaspace       used 73836K, committed 75520K, reserved 1179648K
  class space    used 7865K, committed 8576K, reserved 1048576K
}
Event: 54.572 GC heap before
{Heap before GC invocations=1667 (full 3):
 PSYoungGen      total 19968K, used 19936K [0x00000000d5580000, 0x00000000d6d80000, 0x0000000100000000)
  eden space 18432K, 99% used [0x00000000d5580000,0x00000000d677fff8,0x00000000d6780000)
  from space 1536K, 97% used [0x00000000d6880000,0x00000000d69f8010,0x00000000d6a00000)
  to   space 3072K, 0% used [0x00000000d6a80000,0x00000000d6a80000,0x00000000d6d80000)
 ParOldGen       total 1025536K, used 1025186K [0x0000000080000000, 0x00000000be980000, 0x00000000d5580000)
  object space 1025536K, 99% used [0x0000000080000000,0x00000000be928b40,0x00000000be980000)
 Metaspace       used 75058K, committed 76672K, reserved 1179648K
  class space    used 7963K, committed 8640K, reserved 1048576K
}
Event: 54.577 GC heap after
{Heap after GC invocations=1667 (full 3):
 PSYoungGen      total 20480K, used 1940K [0x00000000d5580000, 0x00000000d6c80000, 0x0000000100000000)
  eden space 18432K, 0% used [0x00000000d5580000,0x00000000d5580000,0x00000000d6780000)
  from space 2048K, 94% used [0x00000000d6a80000,0x00000000d6c65220,0x00000000d6c80000)
  to   space 2560K, 0% used [0x00000000d6780000,0x00000000d6780000,0x00000000d6a00000)
 ParOldGen       total 1027072K, used 1026722K [0x0000000080000000, 0x00000000beb00000, 0x00000000d5580000)
  object space 1027072K, 99% used [0x0000000080000000,0x00000000beaa8b50,0x00000000beb00000)
 Metaspace       used 75058K, committed 76672K, reserved 1179648K
  class space    used 7963K, committed 8640K, reserved 1048576K
}
Event: 151.009 GC heap before
{Heap before GC invocations=1668 (full 3):
 PSYoungGen      total 20480K, used 20372K [0x00000000d5580000, 0x00000000d6c80000, 0x0000000100000000)
  eden space 18432K, 100% used [0x00000000d5580000,0x00000000d6780000,0x00000000d6780000)
  from space 2048K, 94% used [0x00000000d6a80000,0x00000000d6c65220,0x00000000d6c80000)
  to   space 2560K, 0% used [0x00000000d6780000,0x00000000d6780000,0x00000000d6a00000)
 ParOldGen       total 1027072K, used 1026722K [0x0000000080000000, 0x00000000beb00000, 0x00000000d5580000)
  object space 1027072K, 99% used [0x0000000080000000,0x00000000beaa8b50,0x00000000beb00000)
 Metaspace       used 75720K, committed 77440K, reserved 1179648K
  class space    used 8038K, committed 8768K, reserved 1048576K
}
Event: 151.267 GC heap after
{Heap after GC invocations=1668 (full 3):
 PSYoungGen      total 19456K, used 884K [0x00000000d5580000, 0x00000000d6b00000, 0x0000000100000000)
  eden space 18432K, 0% used [0x00000000d5580000,0x00000000d5580000,0x00000000d6780000)
  from space 1024K, 86% used [0x00000000d6780000,0x00000000d685d200,0x00000000d6880000)
  to   space 1536K, 0% used [0x00000000d6980000,0x00000000d6980000,0x00000000d6b00000)
 ParOldGen       total 1028608K, used 1028169K [0x0000000080000000, 0x00000000bec80000, 0x00000000d5580000)
  object space 1028608K, 99% used [0x0000000080000000,0x00000000bec12530,0x00000000bec80000)
 Metaspace       used 75720K, committed 77440K, reserved 1179648K
  class space    used 8038K, committed 8768K, reserved 1048576K
}
Event: 616.191 GC heap before
{Heap before GC invocations=1669 (full 3):
 PSYoungGen      total 19456K, used 19316K [0x00000000d5580000, 0x00000000d6b00000, 0x0000000100000000)
  eden space 18432K, 100% used [0x00000000d5580000,0x00000000d6780000,0x00000000d6780000)
  from space 1024K, 86% used [0x00000000d6780000,0x00000000d685d200,0x00000000d6880000)
  to   space 1536K, 0% used [0x00000000d6980000,0x00000000d6980000,0x00000000d6b00000)
 ParOldGen       total 1028608K, used 1028169K [0x0000000080000000, 0x00000000bec80000, 0x00000000d5580000)
  object space 1028608K, 99% used [0x0000000080000000,0x00000000bec12530,0x00000000bec80000)
 Metaspace       used 76140K, committed 77760K, reserved 1179648K
  class space    used 8103K, committed 8768K, reserved 1048576K
}
Event: 616.554 GC heap after
{Heap after GC invocations=1669 (full 3):
 PSYoungGen      total 19456K, used 932K [0x00000000d5580000, 0x00000000d6a80000, 0x0000000100000000)
  eden space 18432K, 0% used [0x00000000d5580000,0x00000000d5580000,0x00000000d6780000)
  from space 1024K, 91% used [0x00000000d6980000,0x00000000d6a69230,0x00000000d6a80000)
  to   space 1024K, 0% used [0x00000000d6780000,0x00000000d6780000,0x00000000d6880000)
 ParOldGen       total 1028608K, used 1028401K [0x0000000080000000, 0x00000000bec80000, 0x00000000d5580000)
  object space 1028608K, 99% used [0x0000000080000000,0x00000000bec4c530,0x00000000bec80000)
 Metaspace       used 76140K, committed 77760K, reserved 1179648K
  class space    used 8103K, committed 8768K, reserved 1048576K
}

