# JRE version: OpenJDK Runtime Environment Temurin-21.0.8+9 (21.0.8+9) (build 21.0.8+9-LTS)
# Java VM: OpenJDK 64-Bit Server VM Temurin-21.0.8+9 (21.0.8+9-LTS, mixed mode, sharing, tiered, compressed oops, compressed class ptrs, parallel gc, windows-amd64)
GC Precious Log:
 CardTable entry size: 512
 CPUs: 12 total, 12 available
 Memory: 7498M
 Large Page Support: Disabled
 NUMA Support: Disabled
 Compressed Oops: Enabled (32-bit)
 Alignments: Space 512K, Generation 512K, Heap 2M
 Heap Min Capacity: 100M
 Heap Initial Capacity: 100M
 Heap Max Capacity: 2G
 Pre-touch: Disabled
 Parallel Workers: 10
Heap:
 PSYoungGen      total 13824K, used 3288K [0x00000000d5580000, 0x00000000d6b00000, 0x0000000100000000)
  eden space 13312K, 20% used [0x00000000d5580000,0x00000000d5836388,0x00000000d6280000)
  from space 512K, 100% used [0x00000000d6a80000,0x00000000d6b00000,0x00000000d6b00000)
  to   space 1024K, 0% used [0x00000000d6900000,0x00000000d6900000,0x00000000d6a00000)
 ParOldGen       total 1057792K, used 1057680K [0x0000000080000000, 0x00000000c0900000, 0x00000000d5580000)
  object space 1057792K, 99% used [0x0000000080000000,0x00000000c08e40b8,0x00000000c0900000)
 Metaspace       used 75098K, committed 76608K, reserved 1179648K
  class space    used 8050K, committed 8704K, reserved 1048576K
GC Heap History (20 events):
Event: 76.748 GC heap before
{Heap before GC invocations=2148 (full 3):
 PSYoungGen      total 14336K, used 14176K [0x00000000d5580000, 0x00000000d6480000, 0x0000000100000000)
  eden space 13824K, 100% used [0x00000000d5580000,0x00000000d6300000,0x00000000d6300000)
  from space 512K, 68% used [0x00000000d6400000,0x00000000d6458000,0x00000000d6480000)
  to   space 512K, 0% used [0x00000000d6380000,0x00000000d6380000,0x00000000d6400000)
 ParOldGen       total 1045504K, used 1045169K [0x0000000080000000, 0x00000000bfd00000, 0x00000000d5580000)
  object space 1045504K, 99% used [0x0000000080000000,0x00000000bfcac700,0x00000000bfd00000)
 Metaspace       used 70343K, committed 71808K, reserved 1114112K
  class space    used 7439K, committed 8128K, reserved 1048576K
}
Event: 76.751 GC heap after
{Heap after GC invocations=2148 (full 3):
 PSYoungGen      total 14336K, used 256K [0x00000000d5580000, 0x00000000d6480000, 0x0000000100000000)
  eden space 13824K, 0% used [0x00000000d5580000,0x00000000d5580000,0x00000000d6300000)
  from space 512K, 50% used [0x00000000d6380000,0x00000000d63c0000,0x00000000d6400000)
  to   space 512K, 0% used [0x00000000d6400000,0x00000000d6400000,0x00000000d6480000)
 ParOldGen       total 1045504K, used 1045329K [0x0000000080000000, 0x00000000bfd00000, 0x00000000d5580000)
  object space 1045504K, 99% used [0x0000000080000000,0x00000000bfcd4700,0x00000000bfd00000)
 Metaspace       used 70343K, committed 71808K, reserved 1114112K
  class space    used 7439K, committed 8128K, reserved 1048576K
}
Event: 76.859 GC heap before
{Heap before GC invocations=2149 (full 3):
 PSYoungGen      total 14336K, used 14080K [0x00000000d5580000, 0x00000000d6480000, 0x0000000100000000)
  eden space 13824K, 100% used [0x00000000d5580000,0x00000000d6300000,0x00000000d6300000)
  from space 512K, 50% used [0x00000000d6380000,0x00000000d63c0000,0x00000000d6400000)
  to   space 512K, 0% used [0x00000000d6400000,0x00000000d6400000,0x00000000d6480000)
 ParOldGen       total 1045504K, used 1045329K [0x0000000080000000, 0x00000000bfd00000, 0x00000000d5580000)
  object space 1045504K, 99% used [0x0000000080000000,0x00000000bfcd4700,0x00000000bfd00000)
 Metaspace       used 70445K, committed 71936K, reserved 1114112K
  class space    used 7455K, committed 8128K, reserved 1048576K
}
Event: 76.863 GC heap after
{Heap after GC invocations=2149 (full 3):
 PSYoungGen      total 13824K, used 496K [0x00000000d5580000, 0x00000000d6600000, 0x0000000100000000)
  eden space 13312K, 0% used [0x00000000d5580000,0x00000000d5580000,0x00000000d6280000)
  from space 512K, 96% used [0x00000000d6400000,0x00000000d647c010,0x00000000d6480000)
  to   space 1536K, 0% used [0x00000000d6280000,0x00000000d6280000,0x00000000d6400000)
 ParOldGen       total 1046016K, used 1045809K [0x0000000080000000, 0x00000000bfd80000, 0x00000000d5580000)
  object space 1046016K, 99% used [0x0000000080000000,0x00000000bfd4c700,0x00000000bfd80000)
 Metaspace       used 70445K, committed 71936K, reserved 1114112K
  class space    used 7455K, committed 8128K, reserved 1048576K
}
Event: 77.308 GC heap before
{Heap before GC invocations=2150 (full 3):
 PSYoungGen      total 13824K, used 13808K [0x00000000d5580000, 0x00000000d6600000, 0x0000000100000000)
  eden space 13312K, 100% used [0x00000000d5580000,0x00000000d6280000,0x00000000d6280000)
  from space 512K, 96% used [0x00000000d6400000,0x00000000d647c010,0x00000000d6480000)
  to   space 1536K, 0% used [0x00000000d6280000,0x00000000d6280000,0x00000000d6400000)
 ParOldGen       total 1046016K, used 1045809K [0x0000000080000000, 0x00000000bfd80000, 0x00000000d5580000)
  object space 1046016K, 99% used [0x0000000080000000,0x00000000bfd4c700,0x00000000bfd80000)
 Metaspace       used 70732K, committed 72192K, reserved 1114112K
  class space    used 7500K, committed 8128K, reserved 1048576K
}
Event: 77.314 GC heap after
{Heap after GC invocations=2150 (full 3):
 PSYoungGen      total 14848K, used 1504K [0x00000000d5580000, 0x00000000d6880000, 0x0000000100000000)
  eden space 13312K, 0% used [0x00000000d5580000,0x00000000d5580000,0x00000000d6280000)
  from space 1536K, 97% used [0x00000000d6280000,0x00000000d63f8010,0x00000000d6400000)
  to   space 3072K, 0% used [0x00000000d6580000,0x00000000d6580000,0x00000000d6880000)
 ParOldGen       total 1047040K, used 1046777K [0x0000000080000000, 0x00000000bfe80000, 0x00000000d5580000)
  object space 1047040K, 99% used [0x0000000080000000,0x00000000bfe3e720,0x00000000bfe80000)
 Metaspace       used 70732K, committed 72192K, reserved 1114112K
  class space    used 7500K, committed 8128K, reserved 1048576K
}
Event: 77.462 GC heap before
{Heap before GC invocations=2151 (full 3):
 PSYoungGen      total 14848K, used 14816K [0x00000000d5580000, 0x00000000d6880000, 0x0000000100000000)
  eden space 13312K, 100% used [0x00000000d5580000,0x00000000d6280000,0x00000000d6280000)
  from space 1536K, 97% used [0x00000000d6280000,0x00000000d63f8010,0x00000000d6400000)
  to   space 3072K, 0% used [0x00000000d6580000,0x00000000d6580000,0x00000000d6880000)
 ParOldGen       total 1047040K, used 1046777K [0x0000000080000000, 0x00000000bfe80000, 0x00000000d5580000)
  object space 1047040K, 99% used [0x0000000080000000,0x00000000bfe3e720,0x00000000bfe80000)
 Metaspace       used 70988K, committed 72576K, reserved 1114112K
  class space    used 7520K, committed 8192K, reserved 1048576K
}
Event: 77.466 GC heap after
{Heap after GC invocations=2151 (full 3):
 PSYoungGen      total 14848K, used 1348K [0x00000000d5580000, 0x00000000d6700000, 0x0000000100000000)
  eden space 13312K, 0% used [0x00000000d5580000,0x00000000d5580000,0x00000000d6280000)
  from space 1536K, 87% used [0x00000000d6580000,0x00000000d66d1210,0x00000000d6700000)
  to   space 2048K, 0% used [0x00000000d6300000,0x00000000d6300000,0x00000000d6500000)
 ParOldGen       total 1048064K, used 1048052K [0x0000000080000000, 0x00000000bff80000, 0x00000000d5580000)
  object space 1048064K, 99% used [0x0000000080000000,0x00000000bff7d1d8,0x00000000bff80000)
 Metaspace       used 70988K, committed 72576K, reserved 1114112K
  class space    used 7520K, committed 8192K, reserved 1048576K
}
Event: 78.158 GC heap before
{Heap before GC invocations=2152 (full 3):
 PSYoungGen      total 14848K, used 14660K [0x00000000d5580000, 0x00000000d6700000, 0x0000000100000000)
  eden space 13312K, 100% used [0x00000000d5580000,0x00000000d6280000,0x00000000d6280000)
  from space 1536K, 87% used [0x00000000d6580000,0x00000000d66d1210,0x00000000d6700000)
  to   space 2048K, 0% used [0x00000000d6300000,0x00000000d6300000,0x00000000d6500000)
 ParOldGen       total 1048064K, used 1048052K [0x0000000080000000, 0x00000000bff80000, 0x00000000d5580000)
  object space 1048064K, 99% used [0x0000000080000000,0x00000000bff7d1d8,0x00000000bff80000)
 Metaspace       used 71468K, committed 73024K, reserved 1114112K
  class space    used 7565K, committed 8256K, reserved 1048576K
}
Event: 78.166 GC heap after
{Heap after GC invocations=2152 (full 3):
 PSYoungGen      total 15360K, used 640K [0x00000000d5580000, 0x00000000d6600000, 0x0000000100000000)
  eden space 13312K, 0% used [0x00000000d5580000,0x00000000d5580000,0x00000000d6280000)
  from space 2048K, 31% used [0x00000000d6300000,0x00000000d63a0000,0x00000000d6500000)
  to   space 1024K, 0% used [0x00000000d6500000,0x00000000d6500000,0x00000000d6600000)
 ParOldGen       total 1049600K, used 1049128K [0x0000000080000000, 0x00000000c0100000, 0x00000000d5580000)
  object space 1049600K, 99% used [0x0000000080000000,0x00000000c008a3e8,0x00000000c0100000)
 Metaspace       used 71468K, committed 73024K, reserved 1114112K
  class space    used 7565K, committed 8256K, reserved 1048576K
}
Event: 78.634 GC heap before
{Heap before GC invocations=2153 (full 3):
 PSYoungGen      total 15360K, used 13952K [0x00000000d5580000, 0x00000000d6600000, 0x0000000100000000)
  eden space 13312K, 100% used [0x00000000d5580000,0x00000000d6280000,0x00000000d6280000)
  from space 2048K, 31% used [0x00000000d6300000,0x00000000d63a0000,0x00000000d6500000)
  to   space 1024K, 0% used [0x00000000d6500000,0x00000000d6500000,0x00000000d6600000)
 ParOldGen       total 1049600K, used 1049128K [0x0000000080000000, 0x00000000c0100000, 0x00000000d5580000)
  object space 1049600K, 99% used [0x0000000080000000,0x00000000c008a3e8,0x00000000c0100000)
 Metaspace       used 71543K, committed 73088K, reserved 1114112K
  class space    used 7571K, committed 8256K, reserved 1048576K
}
Event: 78.639 GC heap after
{Heap after GC invocations=2153 (full 3):
 PSYoungGen      total 14336K, used 1000K [0x00000000d5580000, 0x00000000d6680000, 0x0000000100000000)
  eden space 13312K, 0% used [0x00000000d5580000,0x00000000d5580000,0x00000000d6280000)
  from space 1024K, 97% used [0x00000000d6500000,0x00000000d65fa3a0,0x00000000d6600000)
  to   space 2048K, 0% used [0x00000000d6280000,0x00000000d6280000,0x00000000d6480000)
 ParOldGen       total 1050112K, used 1049779K [0x0000000080000000, 0x00000000c0180000, 0x00000000d5580000)
  object space 1050112K, 99% used [0x0000000080000000,0x00000000c012ce98,0x00000000c0180000)
 Metaspace       used 71543K, committed 73088K, reserved 1114112K
  class space    used 7571K, committed 8256K, reserved 1048576K
}
Event: 98.034 GC heap before
{Heap before GC invocations=2154 (full 3):
 PSYoungGen      total 14336K, used 14312K [0x00000000d5580000, 0x00000000d6680000, 0x0000000100000000)
  eden space 13312K, 100% used [0x00000000d5580000,0x00000000d6280000,0x00000000d6280000)
  from space 1024K, 97% used [0x00000000d6500000,0x00000000d65fa3a0,0x00000000d6600000)
  to   space 2048K, 0% used [0x00000000d6280000,0x00000000d6280000,0x00000000d6480000)
 ParOldGen       total 1050112K, used 1049779K [0x0000000080000000, 0x00000000c0180000, 0x00000000d5580000)
  object space 1050112K, 99% used [0x0000000080000000,0x00000000c012ce98,0x00000000c0180000)
 Metaspace       used 71836K, committed 73344K, reserved 1179648K
  class space    used 7609K, committed 8256K, reserved 1048576K
}
Event: 98.129 GC heap after
{Heap after GC invocations=2154 (full 3):
 PSYoungGen      total 15360K, used 2048K [0x00000000d5580000, 0x00000000d7380000, 0x0000000100000000)
  eden space 13312K, 0% used [0x00000000d5580000,0x00000000d5580000,0x00000000d6280000)
  from space 2048K, 100% used [0x00000000d6280000,0x00000000d6480000,0x00000000d6480000)
  to   space 8704K, 0% used [0x00000000d6b00000,0x00000000d6b00000,0x00000000d7380000)
 ParOldGen       total 1055232K, used 1055080K [0x0000000080000000, 0x00000000c0680000, 0x00000000d5580000)
  object space 1055232K, 99% used [0x0000000080000000,0x00000000c065a0d0,0x00000000c0680000)
 Metaspace       used 71836K, committed 73344K, reserved 1179648K
  class space    used 7609K, committed 8256K, reserved 1048576K
}
Event: 99.396 GC heap before
{Heap before GC invocations=2155 (full 3):
 PSYoungGen      total 15360K, used 15360K [0x00000000d5580000, 0x00000000d7380000, 0x0000000100000000)
  eden space 13312K, 100% used [0x00000000d5580000,0x00000000d6280000,0x00000000d6280000)
  from space 2048K, 100% used [0x00000000d6280000,0x00000000d6480000,0x00000000d6480000)
  to   space 8704K, 0% used [0x00000000d6b00000,0x00000000d6b00000,0x00000000d7380000)
 ParOldGen       total 1055232K, used 1055080K [0x0000000080000000, 0x00000000c0680000, 0x00000000d5580000)
  object space 1055232K, 99% used [0x0000000080000000,0x00000000c065a0d0,0x00000000c0680000)
 Metaspace       used 72145K, committed 73728K, reserved 1179648K
  class space    used 7636K, committed 8320K, reserved 1048576K
}
Event: 99.401 GC heap after
{Heap after GC invocations=2155 (full 3):
 PSYoungGen      total 13824K, used 384K [0x00000000d5580000, 0x00000000d6b80000, 0x0000000100000000)
  eden space 13312K, 0% used [0x00000000d5580000,0x00000000d5580000,0x00000000d6280000)
  from space 512K, 75% used [0x00000000d6b00000,0x00000000d6b60000,0x00000000d6b80000)
  to   space 3072K, 0% used [0x00000000d6580000,0x00000000d6580000,0x00000000d6880000)
 ParOldGen       total 1057280K, used 1057193K [0x0000000080000000, 0x00000000c0880000, 0x00000000d5580000)
  object space 1057280K, 99% used [0x0000000080000000,0x00000000c086a480,0x00000000c0880000)
 Metaspace       used 72145K, committed 73728K, reserved 1179648K
  class space    used 7636K, committed 8320K, reserved 1048576K
}
Event: 99.805 GC heap before
{Heap before GC invocations=2156 (full 3):
 PSYoungGen      total 13824K, used 13696K [0x00000000d5580000, 0x00000000d6b80000, 0x0000000100000000)
  eden space 13312K, 100% used [0x00000000d5580000,0x00000000d6280000,0x00000000d6280000)
  from space 512K, 75% used [0x00000000d6b00000,0x00000000d6b60000,0x00000000d6b80000)
  to   space 3072K, 0% used [0x00000000d6580000,0x00000000d6580000,0x00000000d6880000)
 ParOldGen       total 1057280K, used 1057193K [0x0000000080000000, 0x00000000c0880000, 0x00000000d5580000)
  object space 1057280K, 99% used [0x0000000080000000,0x00000000c086a480,0x00000000c0880000)
 Metaspace       used 73673K, committed 75200K, reserved 1179648K
  class space    used 7848K, committed 8512K, reserved 1048576K
}
Event: 99.809 GC heap after
{Heap after GC invocations=2156 (full 3):
 PSYoungGen      total 16384K, used 513K [0x00000000d5580000, 0x00000000d6b80000, 0x0000000100000000)
  eden space 13312K, 0% used [0x00000000d5580000,0x00000000d5580000,0x00000000d6280000)
  from space 3072K, 16% used [0x00000000d6580000,0x00000000d66005e0,0x00000000d6880000)
  to   space 1024K, 0% used [0x00000000d6a80000,0x00000000d6a80000,0x00000000d6b80000)
 ParOldGen       total 1057792K, used 1057345K [0x0000000080000000, 0x00000000c0900000, 0x00000000d5580000)
  object space 1057792K, 99% used [0x0000000080000000,0x00000000c0890490,0x00000000c0900000)
 Metaspace       used 73673K, committed 75200K, reserved 1179648K
  class space    used 7848K, committed 8512K, reserved 1048576K
}
Event: 166.294 GC heap before
{Heap before GC invocations=2157 (full 3):
 PSYoungGen      total 16384K, used 13825K [0x00000000d5580000, 0x00000000d6b80000, 0x0000000100000000)
  eden space 13312K, 100% used [0x00000000d5580000,0x00000000d6280000,0x00000000d6280000)
  from space 3072K, 16% used [0x00000000d6580000,0x00000000d66005e0,0x00000000d6880000)
  to   space 1024K, 0% used [0x00000000d6a80000,0x00000000d6a80000,0x00000000d6b80000)
 ParOldGen       total 1057792K, used 1057345K [0x0000000080000000, 0x00000000c0900000, 0x00000000d5580000)
  object space 1057792K, 99% used [0x0000000080000000,0x00000000c0890490,0x00000000c0900000)
 Metaspace       used 75066K, committed 76608K, reserved 1179648K
  class space    used 8050K, committed 8704K, reserved 1048576K
}
Event: 166.531 GC heap after
{Heap after GC invocations=2157 (full 3):
 PSYoungGen      total 13824K, used 512K [0x00000000d5580000, 0x00000000d6b00000, 0x0000000100000000)
  eden space 13312K, 0% used [0x00000000d5580000,0x00000000d5580000,0x00000000d6280000)
  from space 512K, 100% used [0x00000000d6a80000,0x00000000d6b00000,0x00000000d6b00000)
  to   space 1024K, 0% used [0x00000000d6900000,0x00000000d6900000,0x00000000d6a00000)
 ParOldGen       total 1057792K, used 1057680K [0x0000000080000000, 0x00000000c0900000, 0x00000000d5580000)
  object space 1057792K, 99% used [0x0000000080000000,0x00000000c08e40b8,0x00000000c0900000)
 Metaspace       used 75066K, committed 76608K, reserved 1179648K
  class space    used 8050K, committed 8704K, reserved 1048576K
}

