# JRE version: OpenJDK Runtime Environment Temurin-21.0.8+9 (21.0.8+9) (build 21.0.8+9-LTS)
# Java VM: OpenJDK 64-Bit Server VM Temurin-21.0.8+9 (21.0.8+9-LTS, mixed mode, sharing, tiered, compressed oops, compressed class ptrs, parallel gc, windows-amd64)
GC Precious Log:
 CardTable entry size: 512
 CPUs: 12 total, 12 available
 Memory: 7498M
 Large Page Support: Disabled
 NUMA Support: Disabled
 Compressed Oops: Enabled (32-bit)
 Alignments: Space 512K, Generation 512K, Heap 2M
 Heap Min Capacity: 100M
 Heap Initial Capacity: 100M
 Heap Max Capacity: 2G
 Pre-touch: Disabled
 Parallel Workers: 10
Heap:
 PSYoungGen      total 12288K, used 5578K [0x00000000d5580000, 0x00000000d6980000, 0x0000000100000000)
  eden space 11264K, 46% used [0x00000000d5580000,0x00000000d5aa2818,0x00000000d6080000)
  from space 1024K, 31% used [0x00000000d6780000,0x00000000d67d0000,0x00000000d6880000)
  to   space 1024K, 0% used [0x00000000d6880000,0x00000000d6880000,0x00000000d6980000)
 ParOldGen       total 867840K, used 867431K [0x0000000080000000, 0x00000000b4f80000, 0x00000000d5580000)
  object space 867840K, 99% used [0x0000000080000000,0x00000000b4f19fc0,0x00000000b4f80000)
 Metaspace       used 73308K, committed 75008K, reserved 1179648K
  class space    used 7755K, committed 8512K, reserved 1048576K
GC Heap History (20 events):
Event: 61.893 GC heap before
{Heap before GC invocations=1501 (full 3):
 PSYoungGen      total 12288K, used 12279K [0x00000000d5580000, 0x00000000d7280000, 0x0000000100000000)
  eden space 11264K, 100% used [0x00000000d5580000,0x00000000d6080000,0x00000000d6080000)
  from space 1024K, 99% used [0x00000000d6900000,0x00000000d69fdfb8,0x00000000d6a00000)
  to   space 8704K, 0% used [0x00000000d6a00000,0x00000000d6a00000,0x00000000d7280000)
 ParOldGen       total 864768K, used 864516K [0x0000000080000000, 0x00000000b4c80000, 0x00000000d5580000)
  object space 864768K, 99% used [0x0000000080000000,0x00000000b4c41118,0x00000000b4c80000)
 Metaspace       used 69039K, committed 70592K, reserved 1114112K
  class space    used 7236K, committed 7936K, reserved 1048576K
}
Event: 61.900 GC heap after
{Heap after GC invocations=1501 (full 3):
 PSYoungGen      total 12288K, used 928K [0x00000000d5580000, 0x00000000d6b00000, 0x0000000100000000)
  eden space 11264K, 0% used [0x00000000d5580000,0x00000000d5580000,0x00000000d6080000)
  from space 1024K, 90% used [0x00000000d6a00000,0x00000000d6ae8000,0x00000000d6b00000)
  to   space 3584K, 0% used [0x00000000d6400000,0x00000000d6400000,0x00000000d6780000)
 ParOldGen       total 864768K, used 864612K [0x0000000080000000, 0x00000000b4c80000, 0x00000000d5580000)
  object space 864768K, 99% used [0x0000000080000000,0x00000000b4c59118,0x00000000b4c80000)
 Metaspace       used 69039K, committed 70592K, reserved 1114112K
  class space    used 7236K, committed 7936K, reserved 1048576K
}
Event: 103.914 GC heap before
{Heap before GC invocations=1502 (full 3):
 PSYoungGen      total 12288K, used 12192K [0x00000000d5580000, 0x00000000d6b00000, 0x0000000100000000)
  eden space 11264K, 100% used [0x00000000d5580000,0x00000000d6080000,0x00000000d6080000)
  from space 1024K, 90% used [0x00000000d6a00000,0x00000000d6ae8000,0x00000000d6b00000)
  to   space 3584K, 0% used [0x00000000d6400000,0x00000000d6400000,0x00000000d6780000)
 ParOldGen       total 864768K, used 864612K [0x0000000080000000, 0x00000000b4c80000, 0x00000000d5580000)
  object space 864768K, 99% used [0x0000000080000000,0x00000000b4c59118,0x00000000b4c80000)
 Metaspace       used 69200K, committed 70784K, reserved 1114112K
  class space    used 7254K, committed 7936K, reserved 1048576K
}
Event: 104.064 GC heap after
{Heap after GC invocations=1502 (full 3):
 PSYoungGen      total 14848K, used 756K [0x00000000d5580000, 0x00000000d6a80000, 0x0000000100000000)
  eden space 11264K, 0% used [0x00000000d5580000,0x00000000d5580000,0x00000000d6080000)
  from space 3584K, 21% used [0x00000000d6400000,0x00000000d64bd220,0x00000000d6780000)
  to   space 1536K, 0% used [0x00000000d6900000,0x00000000d6900000,0x00000000d6a80000)
 ParOldGen       total 865792K, used 865332K [0x0000000080000000, 0x00000000b4d80000, 0x00000000d5580000)
  object space 865792K, 99% used [0x0000000080000000,0x00000000b4d0d118,0x00000000b4d80000)
 Metaspace       used 69200K, committed 70784K, reserved 1114112K
  class space    used 7254K, committed 7936K, reserved 1048576K
}
Event: 105.087 GC heap before
{Heap before GC invocations=1503 (full 3):
 PSYoungGen      total 14848K, used 12020K [0x00000000d5580000, 0x00000000d6a80000, 0x0000000100000000)
  eden space 11264K, 100% used [0x00000000d5580000,0x00000000d6080000,0x00000000d6080000)
  from space 3584K, 21% used [0x00000000d6400000,0x00000000d64bd220,0x00000000d6780000)
  to   space 1536K, 0% used [0x00000000d6900000,0x00000000d6900000,0x00000000d6a80000)
 ParOldGen       total 865792K, used 865332K [0x0000000080000000, 0x00000000b4d80000, 0x00000000d5580000)
  object space 865792K, 99% used [0x0000000080000000,0x00000000b4d0d118,0x00000000b4d80000)
 Metaspace       used 69401K, committed 70976K, reserved 1114112K
  class space    used 7277K, committed 7936K, reserved 1048576K
}
Event: 105.095 GC heap after
{Heap after GC invocations=1503 (full 3):
 PSYoungGen      total 12288K, used 772K [0x00000000d5580000, 0x00000000d6a00000, 0x0000000100000000)
  eden space 11264K, 0% used [0x00000000d5580000,0x00000000d5580000,0x00000000d6080000)
  from space 1024K, 75% used [0x00000000d6900000,0x00000000d69c1210,0x00000000d6a00000)
  to   space 1024K, 0% used [0x00000000d6800000,0x00000000d6800000,0x00000000d6900000)
 ParOldGen       total 865792K, used 865516K [0x0000000080000000, 0x00000000b4d80000, 0x00000000d5580000)
  object space 865792K, 99% used [0x0000000080000000,0x00000000b4d3b138,0x00000000b4d80000)
 Metaspace       used 69401K, committed 70976K, reserved 1114112K
  class space    used 7277K, committed 7936K, reserved 1048576K
}
Event: 105.763 GC heap before
{Heap before GC invocations=1504 (full 3):
 PSYoungGen      total 12288K, used 12036K [0x00000000d5580000, 0x00000000d6a00000, 0x0000000100000000)
  eden space 11264K, 100% used [0x00000000d5580000,0x00000000d6080000,0x00000000d6080000)
  from space 1024K, 75% used [0x00000000d6900000,0x00000000d69c1210,0x00000000d6a00000)
  to   space 1024K, 0% used [0x00000000d6800000,0x00000000d6800000,0x00000000d6900000)
 ParOldGen       total 865792K, used 865516K [0x0000000080000000, 0x00000000b4d80000, 0x00000000d5580000)
  object space 865792K, 99% used [0x0000000080000000,0x00000000b4d3b138,0x00000000b4d80000)
 Metaspace       used 69448K, committed 70976K, reserved 1114112K
  class space    used 7281K, committed 7936K, reserved 1048576K
}
Event: 105.765 GC heap after
{Heap after GC invocations=1504 (full 3):
 PSYoungGen      total 12288K, used 320K [0x00000000d5580000, 0x00000000d6980000, 0x0000000100000000)
  eden space 11264K, 0% used [0x00000000d5580000,0x00000000d5580000,0x00000000d6080000)
  from space 1024K, 31% used [0x00000000d6800000,0x00000000d6850000,0x00000000d6900000)
  to   space 512K, 0% used [0x00000000d6900000,0x00000000d6900000,0x00000000d6980000)
 ParOldGen       total 865792K, used 865692K [0x0000000080000000, 0x00000000b4d80000, 0x00000000d5580000)
  object space 865792K, 99% used [0x0000000080000000,0x00000000b4d67138,0x00000000b4d80000)
 Metaspace       used 69448K, committed 70976K, reserved 1114112K
  class space    used 7281K, committed 7936K, reserved 1048576K
}
Event: 106.480 GC heap before
{Heap before GC invocations=1505 (full 3):
 PSYoungGen      total 12288K, used 11584K [0x00000000d5580000, 0x00000000d6980000, 0x0000000100000000)
  eden space 11264K, 100% used [0x00000000d5580000,0x00000000d6080000,0x00000000d6080000)
  from space 1024K, 31% used [0x00000000d6800000,0x00000000d6850000,0x00000000d6900000)
  to   space 512K, 0% used [0x00000000d6900000,0x00000000d6900000,0x00000000d6980000)
 ParOldGen       total 865792K, used 865692K [0x0000000080000000, 0x00000000b4d80000, 0x00000000d5580000)
  object space 865792K, 99% used [0x0000000080000000,0x00000000b4d67138,0x00000000b4d80000)
 Metaspace       used 70829K, committed 72384K, reserved 1114112K
  class space    used 7420K, committed 8064K, reserved 1048576K
}
Event: 106.483 GC heap after
{Heap after GC invocations=1505 (full 3):
 PSYoungGen      total 11776K, used 497K [0x00000000d5580000, 0x00000000d6980000, 0x0000000100000000)
  eden space 11264K, 0% used [0x00000000d5580000,0x00000000d5580000,0x00000000d6080000)
  from space 512K, 97% used [0x00000000d6900000,0x00000000d697c5d0,0x00000000d6980000)
  to   space 1024K, 0% used [0x00000000d6780000,0x00000000d6780000,0x00000000d6880000)
 ParOldGen       total 865792K, used 865772K [0x0000000080000000, 0x00000000b4d80000, 0x00000000d5580000)
  object space 865792K, 99% used [0x0000000080000000,0x00000000b4d7b148,0x00000000b4d80000)
 Metaspace       used 70829K, committed 72384K, reserved 1114112K
  class space    used 7420K, committed 8064K, reserved 1048576K
}
Event: 106.635 GC heap before
{Heap before GC invocations=1506 (full 3):
 PSYoungGen      total 11776K, used 11750K [0x00000000d5580000, 0x00000000d6980000, 0x0000000100000000)
  eden space 11264K, 99% used [0x00000000d5580000,0x00000000d607d330,0x00000000d6080000)
  from space 512K, 97% used [0x00000000d6900000,0x00000000d697c5d0,0x00000000d6980000)
  to   space 1024K, 0% used [0x00000000d6780000,0x00000000d6780000,0x00000000d6880000)
 ParOldGen       total 865792K, used 865772K [0x0000000080000000, 0x00000000b4d80000, 0x00000000d5580000)
  object space 865792K, 99% used [0x0000000080000000,0x00000000b4d7b148,0x00000000b4d80000)
 Metaspace       used 71925K, committed 73600K, reserved 1179648K
  class space    used 7636K, committed 8384K, reserved 1048576K
}
Event: 106.637 GC heap after
{Heap after GC invocations=1506 (full 3):
 PSYoungGen      total 12288K, used 416K [0x00000000d5580000, 0x00000000d6980000, 0x0000000100000000)
  eden space 11264K, 0% used [0x00000000d5580000,0x00000000d5580000,0x00000000d6080000)
  from space 1024K, 40% used [0x00000000d6780000,0x00000000d67e8000,0x00000000d6880000)
  to   space 512K, 0% used [0x00000000d6900000,0x00000000d6900000,0x00000000d6980000)
 ParOldGen       total 866304K, used 866075K [0x0000000080000000, 0x00000000b4e00000, 0x00000000d5580000)
  object space 866304K, 99% used [0x0000000080000000,0x00000000b4dc6d30,0x00000000b4e00000)
 Metaspace       used 71925K, committed 73600K, reserved 1179648K
  class space    used 7636K, committed 8384K, reserved 1048576K
}
Event: 111.768 GC heap before
{Heap before GC invocations=1507 (full 3):
 PSYoungGen      total 12288K, used 11680K [0x00000000d5580000, 0x00000000d6980000, 0x0000000100000000)
  eden space 11264K, 100% used [0x00000000d5580000,0x00000000d6080000,0x00000000d6080000)
  from space 1024K, 40% used [0x00000000d6780000,0x00000000d67e8000,0x00000000d6880000)
  to   space 512K, 0% used [0x00000000d6900000,0x00000000d6900000,0x00000000d6980000)
 ParOldGen       total 866304K, used 866075K [0x0000000080000000, 0x00000000b4e00000, 0x00000000d5580000)
  object space 866304K, 99% used [0x0000000080000000,0x00000000b4dc6d30,0x00000000b4e00000)
 Metaspace       used 72613K, committed 74304K, reserved 1179648K
  class space    used 7707K, committed 8448K, reserved 1048576K
}
Event: 111.773 GC heap after
{Heap after GC invocations=1507 (full 3):
 PSYoungGen      total 11776K, used 448K [0x00000000d5580000, 0x00000000d6980000, 0x0000000100000000)
  eden space 11264K, 0% used [0x00000000d5580000,0x00000000d5580000,0x00000000d6080000)
  from space 512K, 87% used [0x00000000d6900000,0x00000000d6970020,0x00000000d6980000)
  to   space 512K, 0% used [0x00000000d6880000,0x00000000d6880000,0x00000000d6900000)
 ParOldGen       total 866304K, used 866275K [0x0000000080000000, 0x00000000b4e00000, 0x00000000d5580000)
  object space 866304K, 99% used [0x0000000080000000,0x00000000b4df8d60,0x00000000b4e00000)
 Metaspace       used 72613K, committed 74304K, reserved 1179648K
  class space    used 7707K, committed 8448K, reserved 1048576K
}
Event: 164.028 GC heap before
{Heap before GC invocations=1508 (full 3):
 PSYoungGen      total 11776K, used 11712K [0x00000000d5580000, 0x00000000d6980000, 0x0000000100000000)
  eden space 11264K, 100% used [0x00000000d5580000,0x00000000d6080000,0x00000000d6080000)
  from space 512K, 87% used [0x00000000d6900000,0x00000000d6970020,0x00000000d6980000)
  to   space 512K, 0% used [0x00000000d6880000,0x00000000d6880000,0x00000000d6900000)
 ParOldGen       total 866304K, used 866275K [0x0000000080000000, 0x00000000b4e00000, 0x00000000d5580000)
  object space 866304K, 99% used [0x0000000080000000,0x00000000b4df8d60,0x00000000b4e00000)
 Metaspace       used 72860K, committed 74560K, reserved 1179648K
  class space    used 7725K, committed 8448K, reserved 1048576K
}
Event: 164.208 GC heap after
{Heap after GC invocations=1508 (full 3):
 PSYoungGen      total 11776K, used 500K [0x00000000d5580000, 0x00000000d6980000, 0x0000000100000000)
  eden space 11264K, 0% used [0x00000000d5580000,0x00000000d5580000,0x00000000d6080000)
  from space 512K, 97% used [0x00000000d6880000,0x00000000d68fd240,0x00000000d6900000)
  to   space 512K, 0% used [0x00000000d6900000,0x00000000d6900000,0x00000000d6980000)
 ParOldGen       total 866816K, used 866803K [0x0000000080000000, 0x00000000b4e80000, 0x00000000d5580000)
  object space 866816K, 99% used [0x0000000080000000,0x00000000b4e7cda0,0x00000000b4e80000)
 Metaspace       used 72860K, committed 74560K, reserved 1179648K
  class space    used 7725K, committed 8448K, reserved 1048576K
}
Event: 347.072 GC heap before
{Heap before GC invocations=1509 (full 3):
 PSYoungGen      total 11776K, used 11764K [0x00000000d5580000, 0x00000000d6980000, 0x0000000100000000)
  eden space 11264K, 99% used [0x00000000d5580000,0x00000000d607ffe8,0x00000000d6080000)
  from space 512K, 97% used [0x00000000d6880000,0x00000000d68fd240,0x00000000d6900000)
  to   space 512K, 0% used [0x00000000d6900000,0x00000000d6900000,0x00000000d6980000)
 ParOldGen       total 866816K, used 866803K [0x0000000080000000, 0x00000000b4e80000, 0x00000000d5580000)
  object space 866816K, 99% used [0x0000000080000000,0x00000000b4e7cda0,0x00000000b4e80000)
 Metaspace       used 73189K, committed 74880K, reserved 1179648K
  class space    used 7754K, committed 8512K, reserved 1048576K
}
Event: 348.384 GC heap after
{Heap after GC invocations=1509 (full 3):
 PSYoungGen      total 11776K, used 484K [0x00000000d5580000, 0x00000000d6980000, 0x0000000100000000)
  eden space 11264K, 0% used [0x00000000d5580000,0x00000000d5580000,0x00000000d6080000)
  from space 512K, 94% used [0x00000000d6900000,0x00000000d6979210,0x00000000d6980000)
  to   space 1024K, 0% used [0x00000000d6780000,0x00000000d6780000,0x00000000d6880000)
 ParOldGen       total 867328K, used 867167K [0x0000000080000000, 0x00000000b4f00000, 0x00000000d5580000)
  object space 867328K, 99% used [0x0000000080000000,0x00000000b4ed7fc0,0x00000000b4f00000)
 Metaspace       used 73189K, committed 74880K, reserved 1179648K
  class space    used 7754K, committed 8512K, reserved 1048576K
}
Event: 425.125 GC heap before
{Heap before GC invocations=1510 (full 3):
 PSYoungGen      total 11776K, used 11748K [0x00000000d5580000, 0x00000000d6980000, 0x0000000100000000)
  eden space 11264K, 100% used [0x00000000d5580000,0x00000000d6080000,0x00000000d6080000)
  from space 512K, 94% used [0x00000000d6900000,0x00000000d6979210,0x00000000d6980000)
  to   space 1024K, 0% used [0x00000000d6780000,0x00000000d6780000,0x00000000d6880000)
 ParOldGen       total 867328K, used 867167K [0x0000000080000000, 0x00000000b4f00000, 0x00000000d5580000)
  object space 867328K, 99% used [0x0000000080000000,0x00000000b4ed7fc0,0x00000000b4f00000)
 Metaspace       used 73277K, committed 75008K, reserved 1179648K
  class space    used 7755K, committed 8512K, reserved 1048576K
}
Event: 425.622 GC heap after
{Heap after GC invocations=1510 (full 3):
 PSYoungGen      total 12288K, used 320K [0x00000000d5580000, 0x00000000d6980000, 0x0000000100000000)
  eden space 11264K, 0% used [0x00000000d5580000,0x00000000d5580000,0x00000000d6080000)
  from space 1024K, 31% used [0x00000000d6780000,0x00000000d67d0000,0x00000000d6880000)
  to   space 1024K, 0% used [0x00000000d6880000,0x00000000d6880000,0x00000000d6980000)
 ParOldGen       total 867840K, used 867431K [0x0000000080000000, 0x00000000b4f80000, 0x00000000d5580000)
  object space 867840K, 99% used [0x0000000080000000,0x00000000b4f19fc0,0x00000000b4f80000)
 Metaspace       used 73277K, committed 75008K, reserved 1179648K
  class space    used 7755K, committed 8512K, reserved 1048576K
}

